<?xml version="1.0" encoding="UTF-8"?>
<coverage generated="1697586068807" clover="3.2.0">
  <project timestamp="1697586068807" name="All files">
    <metrics statements="9" coveredstatements="2" conditionals="0" coveredconditionals="0" methods="2" coveredmethods="1" elements="11" coveredelements="3" complexity="0" loc="9" ncloc="9" packages="1" files="1" classes="1"/>
    <file name="scorelist.js" path="C:\Users\cesar\OneDrive\Escritorio\Leaderboard\src\modules\scorelist.js">
      <metrics statements="9" coveredstatements="2" conditionals="0" coveredconditionals="0" methods="2" coveredmethods="1"/>
      <line num="3" count="1" type="stmt"/>
      <line num="4" count="1" type="stmt"/>
      <line num="8" count="0" type="stmt"/>
      <line num="9" count="0" type="stmt"/>
      <line num="10" count="0" type="stmt"/>
      <line num="11" count="0" type="stmt"/>
      <line num="12" count="0" type="stmt"/>
      <line num="13" count="0" type="stmt"/>
      <line num="14" count="0" type="stmt"/>
    </file>
  </project>
</coverage>
